<?xml version="1.0" encoding="UTF-8"?>
<testsuite xmlns:xsi="http://www.w3.org/2001/XMLSchema-instance" xsi:noNamespaceSchemaLocation="https://maven.apache.org/surefire/maven-surefire-plugin/xsd/surefire-test-report-3.0.xsd" version="3.0" name="com.udacity.catpoint.SecurityServiceTest" time="0.611" tests="16" errors="16" skipped="0" failures="0">
  <properties>
[...]
</properties>
  <testcase name="armedAlarmAndActivatedSensor_AlarmStatusToPending(ArmingStatus)[1]" classname="com.udacity.catpoint.SecurityServiceTest" time="0.479">
    <error type="java.lang.reflect.InaccessibleObjectException"><![CDATA[java.lang.reflect.InaccessibleObjectException: Unable to make void com.udacity.catpoint.SecurityServiceTest.initTest() accessible: module com.udacity.catpoint does not "opens com.udacity.catpoint" to unnamed module @2254127a
]]></error>
  </testcase>
  <testcase name="armedAlarmAndActivatedSensor_AlarmStatusToPending(ArmingStatus)[2]" classname="com.udacity.catpoint.SecurityServiceTest" time="0.001">
    <error type="java.lang.reflect.InaccessibleObjectException"><![CDATA[java.lang.reflect.InaccessibleObjectException: Unable to make void com.udacity.catpoint.SecurityServiceTest.initTest() accessible: module com.udacity.catpoint does not "opens com.udacity.catpoint" to unnamed module @2254127a
]]></error>
  </testcase>
  <testcase name="armehomedSystemAndDetectCatImage_AlarmStatusToAlarm" classname="com.udacity.catpoint.SecurityServiceTest" time="0">
    <error type="java.lang.reflect.InaccessibleObjectException"><![CDATA[java.lang.reflect.InaccessibleObjectException: Unable to make void com.udacity.catpoint.SecurityServiceTest.initTest() accessible: module com.udacity.catpoint does not "opens com.udacity.catpoint" to unnamed module @2254127a
]]></error>
  </testcase>
  <testcase name="detectNoCatImageAndNotActiveSensor_AlarmStatusToNoAlarm" classname="com.udacity.catpoint.SecurityServiceTest" time="0">
    <error type="java.lang.reflect.InaccessibleObjectException"><![CDATA[java.lang.reflect.InaccessibleObjectException: Unable to make void com.udacity.catpoint.SecurityServiceTest.initTest() accessible: module com.udacity.catpoint does not "opens com.udacity.catpoint" to unnamed module @2254127a
]]></error>
  </testcase>
  <testcase name="detectCatImageAndSystemIsArmedhome_AlarmStatusToAlarm" classname="com.udacity.catpoint.SecurityServiceTest" time="0.001">
    <error type="java.lang.reflect.InaccessibleObjectException"><![CDATA[java.lang.reflect.InaccessibleObjectException: Unable to make void com.udacity.catpoint.SecurityServiceTest.initTest() accessible: module com.udacity.catpoint does not "opens com.udacity.catpoint" to unnamed module @2254127a
]]></error>
  </testcase>
  <testcase name="armedSystem_resetAllSensorsToInactive(ArmingStatus)[1]" classname="com.udacity.catpoint.SecurityServiceTest" time="0.001">
    <error type="java.lang.reflect.InaccessibleObjectException"><![CDATA[java.lang.reflect.InaccessibleObjectException: Unable to make void com.udacity.catpoint.SecurityServiceTest.initTest() accessible: module com.udacity.catpoint does not "opens com.udacity.catpoint" to unnamed module @2254127a
]]></error>
  </testcase>
  <testcase name="armedSystem_resetAllSensorsToInactive(ArmingStatus)[2]" classname="com.udacity.catpoint.SecurityServiceTest" time="0.001">
    <error type="java.lang.reflect.InaccessibleObjectException"><![CDATA[java.lang.reflect.InaccessibleObjectException: Unable to make void com.udacity.catpoint.SecurityServiceTest.initTest() accessible: module com.udacity.catpoint does not "opens com.udacity.catpoint" to unnamed module @2254127a
]]></error>
  </testcase>
  <testcase name="detivateActiveSensor_NoChangeToAlarmState" classname="com.udacity.catpoint.SecurityServiceTest" time="0.001">
    <error type="java.lang.reflect.InaccessibleObjectException"><![CDATA[java.lang.reflect.InaccessibleObjectException: Unable to make void com.udacity.catpoint.SecurityServiceTest.initTest() accessible: module com.udacity.catpoint does not "opens com.udacity.catpoint" to unnamed module @2254127a
]]></error>
  </testcase>
  <testcase name="activateActiveSensorAndPendingAlarm_AlarmStatusToAlarm(ArmingStatus)[1]" classname="com.udacity.catpoint.SecurityServiceTest" time="0.001">
    <error type="java.lang.reflect.InaccessibleObjectException"><![CDATA[java.lang.reflect.InaccessibleObjectException: Unable to make void com.udacity.catpoint.SecurityServiceTest.initTest() accessible: module com.udacity.catpoint does not "opens com.udacity.catpoint" to unnamed module @2254127a
]]></error>
  </testcase>
  <testcase name="activateActiveSensorAndPendingAlarm_AlarmStatusToAlarm(ArmingStatus)[2]" classname="com.udacity.catpoint.SecurityServiceTest" time="0.002">
    <error type="java.lang.reflect.InaccessibleObjectException"><![CDATA[java.lang.reflect.InaccessibleObjectException: Unable to make void com.udacity.catpoint.SecurityServiceTest.initTest() accessible: module com.udacity.catpoint does not "opens com.udacity.catpoint" to unnamed module @2254127a
]]></error>
  </testcase>
  <testcase name="activeAlarm_ChangeSensorStateNotAffectAlarmState(boolean)[1]" classname="com.udacity.catpoint.SecurityServiceTest" time="0.001">
    <error type="java.lang.reflect.InaccessibleObjectException"><![CDATA[java.lang.reflect.InaccessibleObjectException: Unable to make void com.udacity.catpoint.SecurityServiceTest.initTest() accessible: module com.udacity.catpoint does not "opens com.udacity.catpoint" to unnamed module @2254127a
]]></error>
  </testcase>
  <testcase name="activeAlarm_ChangeSensorStateNotAffectAlarmState(boolean)[2]" classname="com.udacity.catpoint.SecurityServiceTest" time="0.002">
    <error type="java.lang.reflect.InaccessibleObjectException"><![CDATA[java.lang.reflect.InaccessibleObjectException: Unable to make void com.udacity.catpoint.SecurityServiceTest.initTest() accessible: module com.udacity.catpoint does not "opens com.udacity.catpoint" to unnamed module @2254127a
]]></error>
  </testcase>
  <testcase name="pendingAlarmAndInactiveSensor_AlarmStatusToNoAlarm" classname="com.udacity.catpoint.SecurityServiceTest" time="0.001">
    <error type="java.lang.reflect.InaccessibleObjectException"><![CDATA[java.lang.reflect.InaccessibleObjectException: Unable to make void com.udacity.catpoint.SecurityServiceTest.initTest() accessible: module com.udacity.catpoint does not "opens com.udacity.catpoint" to unnamed module @2254127a
]]></error>
  </testcase>
  <testcase name="disarmedSystem_AlarmStatusToNoAlarm" classname="com.udacity.catpoint.SecurityServiceTest" time="0">
    <error type="java.lang.reflect.InaccessibleObjectException"><![CDATA[java.lang.reflect.InaccessibleObjectException: Unable to make void com.udacity.catpoint.SecurityServiceTest.initTest() accessible: module com.udacity.catpoint does not "opens com.udacity.catpoint" to unnamed module @2254127a
]]></error>
  </testcase>
  <testcase name="armedAlarmAndActivatedSensorAndPendingAlarmStatus_AlarmStatusToAlarm(ArmingStatus)[1]" classname="com.udacity.catpoint.SecurityServiceTest" time="0.002">
    <error type="java.lang.reflect.InaccessibleObjectException"><![CDATA[java.lang.reflect.InaccessibleObjectException: Unable to make void com.udacity.catpoint.SecurityServiceTest.initTest() accessible: module com.udacity.catpoint does not "opens com.udacity.catpoint" to unnamed module @2254127a
]]></error>
  </testcase>
  <testcase name="armedAlarmAndActivatedSensorAndPendingAlarmStatus_AlarmStatusToAlarm(ArmingStatus)[2]" classname="com.udacity.catpoint.SecurityServiceTest" time="0.002">
    <error type="java.lang.reflect.InaccessibleObjectException"><![CDATA[java.lang.reflect.InaccessibleObjectException: Unable to make void com.udacity.catpoint.SecurityServiceTest.initTest() accessible: module com.udacity.catpoint does not "opens com.udacity.catpoint" to unnamed module @2254127a
]]></error>
  </testcase>
</testsuite>