<?xml version="1.0" encoding="UTF-8"?>
<testsuite xmlns:xsi="http://www.w3.org/2001/XMLSchema-instance" xsi:noNamespaceSchemaLocation="https://maven.apache.org/surefire/maven-surefire-plugin/xsd/surefire-test-report-3.0.xsd" version="3.0" name="com.udacity.catpoint.security.SecurityServiceTest" time="1.516" tests="19" errors="0" skipped="0" failures="0">
  <properties>
[...]
</properties>
  <testcase name="armedAlarmAndActivatedSensor_AlarmStatusToPending(ArmingStatus)[1]" classname="com.udacity.catpoint.security.SecurityServiceTest" time="1.16"/>
  <testcase name="armedAlarmAndActivatedSensor_AlarmStatusToPending(ArmingStatus)[2]" classname="com.udacity.catpoint.security.SecurityServiceTest" time="0.006"/>
  <testcase name="armehomedSystemAndDetectCatImage_AlarmStatusToAlarm(ArmingStatus)[1]" classname="com.udacity.catpoint.security.SecurityServiceTest" time="0.023"/>
  <testcase name="armehomedSystemAndDetectCatImage_AlarmStatusToAlarm(ArmingStatus)[2]" classname="com.udacity.catpoint.security.SecurityServiceTest" time="0.006"/>
  <testcase name="detectNoCatImageAndNotActiveSensor_AlarmStatusToNoAlarm" classname="com.udacity.catpoint.security.SecurityServiceTest" time="0.005"/>
  <testcase name="detectCatImageAndSystemIsArmedhome_AlarmStatusToAlarm" classname="com.udacity.catpoint.security.SecurityServiceTest" time="0.005"/>
  <testcase name="armedSystem_resetAllSensorsToInactive(ArmingStatus)[1]" classname="com.udacity.catpoint.security.SecurityServiceTest" time="0.015"/>
  <testcase name="armedSystem_resetAllSensorsToInactive(ArmingStatus)[2]" classname="com.udacity.catpoint.security.SecurityServiceTest" time="0.003"/>
  <testcase name="detivateActiveSensor_NoChangeToAlarmState" classname="com.udacity.catpoint.security.SecurityServiceTest" time="0.003"/>
  <testcase name="activateActiveSensorAndPendingAlarm_AlarmStatusToAlarm(ArmingStatus)[1]" classname="com.udacity.catpoint.security.SecurityServiceTest" time="0.004"/>
  <testcase name="activateActiveSensorAndPendingAlarm_AlarmStatusToAlarm(ArmingStatus)[2]" classname="com.udacity.catpoint.security.SecurityServiceTest" time="0.004"/>
  <testcase name="CCOV_AddAndRemoveSensor" classname="com.udacity.catpoint.security.SecurityServiceTest" time="0.003"/>
  <testcase name="activeAlarm_ChangeSensorStateNotAffectAlarmState(boolean)[1]" classname="com.udacity.catpoint.security.SecurityServiceTest" time="0.003"/>
  <testcase name="activeAlarm_ChangeSensorStateNotAffectAlarmState(boolean)[2]" classname="com.udacity.catpoint.security.SecurityServiceTest" time="0.004"/>
  <testcase name="pendingAlarmAndInactiveSensor_AlarmStatusToNoAlarm" classname="com.udacity.catpoint.security.SecurityServiceTest" time="0.004"/>
  <testcase name="disarmedSystem_AlarmStatusToNoAlarm" classname="com.udacity.catpoint.security.SecurityServiceTest" time="0.004"/>
  <testcase name="CCOV_AddAndRemoveStatusListener" classname="com.udacity.catpoint.security.SecurityServiceTest" time="0.001"/>
  <testcase name="armedAlarmAndActivatedSensorAndPendingAlarmStatus_AlarmStatusToAlarm(ArmingStatus)[1]" classname="com.udacity.catpoint.security.SecurityServiceTest" time="0.005"/>
  <testcase name="armedAlarmAndActivatedSensorAndPendingAlarmStatus_AlarmStatusToAlarm(ArmingStatus)[2]" classname="com.udacity.catpoint.security.SecurityServiceTest" time="0.005"/>
</testsuite>